Feb-18 08:48:58.720 [main] DEBUG nextflow.cli.Launcher - $> nextflow run nf-core/sarek -profile docker --input samplesheet.csv --outdir ./sarek_results --step mapping --genome GRCh38
Feb-18 08:48:58.762 [main] DEBUG nextflow.cli.CmdRun - N E X T F L O W  ~  version 24.10.4
Feb-18 08:48:58.796 [main] DEBUG nextflow.plugin.PluginsFacade - Setting up plugin manager > mode=prod; embedded=false; plugins-dir=/Users/feargusogorman/.nextflow/plugins; core-plugins: nf-amazon@2.9.2,nf-azure@1.10.2,nf-cloudcache@0.4.2,nf-codecommit@0.2.2,nf-console@1.1.4,nf-google@1.15.3,nf-tower@1.9.3,nf-wave@1.7.4
Feb-18 08:48:58.820 [main] INFO  o.pf4j.DefaultPluginStatusProvider - Enabled plugins: []
Feb-18 08:48:58.820 [main] INFO  o.pf4j.DefaultPluginStatusProvider - Disabled plugins: []
Feb-18 08:48:58.822 [main] INFO  org.pf4j.DefaultPluginManager - PF4J version 3.12.0 in 'deployment' mode
Feb-18 08:48:58.829 [main] INFO  org.pf4j.AbstractPluginManager - No plugins
Feb-18 08:48:58.837 [main] DEBUG nextflow.scm.ProviderConfig - Using SCM config path: /Users/feargusogorman/.nextflow/scm
Feb-18 08:48:58.854 [main] DEBUG nextflow.scm.RepositoryFactory - Found Git repository result: [RepositoryFactory]
Feb-18 08:48:58.859 [main] INFO  nextflow.cli.CmdRun - Pulling nf-core/sarek ...
Feb-18 08:48:58.862 [main] DEBUG nextflow.scm.RepositoryProvider - Request [credentials -:-] -> https://api.github.com/repos/nf-core/sarek/contents/nextflow.config
Feb-18 08:48:59.902 [main] DEBUG nextflow.scm.RepositoryProvider - Request [credentials -:-] -> https://api.github.com/repos/nf-core/sarek/contents/main.nf
Feb-18 08:49:00.079 [main] DEBUG nextflow.scm.RepositoryProvider - Request [credentials -:-] -> https://api.github.com/repos/nf-core/sarek
Feb-18 08:49:00.245 [main] DEBUG nextflow.scm.AssetManager - Pulling nf-core/sarek -- Using remote clone url: https://github.com/nf-core/sarek.git
Feb-18 08:49:23.290 [main] INFO  nextflow.cli.CmdRun -  downloaded from https://github.com/nf-core/sarek.git
Feb-18 08:49:23.300 [main] DEBUG nextflow.config.ConfigBuilder - Found config base: /Users/feargusogorman/.nextflow/assets/nf-core/sarek/nextflow.config
Feb-18 08:49:23.300 [main] DEBUG nextflow.config.ConfigBuilder - Parsing config file: /Users/feargusogorman/.nextflow/assets/nf-core/sarek/nextflow.config
Feb-18 08:49:23.307 [main] DEBUG n.secret.LocalSecretsProvider - Secrets store: /Users/feargusogorman/.nextflow/secrets/store.json
Feb-18 08:49:23.309 [main] DEBUG nextflow.secret.SecretsLoader - Discovered secrets providers: [nextflow.secret.LocalSecretsProvider@4e974b9e] - activable => nextflow.secret.LocalSecretsProvider@4e974b9e
Feb-18 08:49:23.314 [main] DEBUG nextflow.config.ConfigBuilder - Applying config profile: `docker`
Feb-18 08:49:24.841 [main] DEBUG nextflow.config.ConfigBuilder - Available config profiles: [bih, cfc_dev, uzl_omics, ifb_core, embl_hd, denbi_qbic, alice, mjolnir_globe, uppmax, giga, incliva, ilifu, ki_luria, uge, rosalind_uge, tools_germline_deepvariant, lugh, mccleary, test_full_germline, unibe_ibu, vai, czbiohub_aws, jax, roslin, ccga_med, tes, scw, unc_longleaf, tigem, tubingen_apg, google, apollo, ipop_up, vsc_calcua, pdc_kth, googlels, ceci_nic5, use_gatk_spark, alignment_from_everything, stjude, daisybio, eddie, alignment_to_fastq, medair, biowulf, apptainer, bi, bigpurple, adcra, tools, cedars, pawsey_setonix, vsc_kul_uhasselt, pawsey_nimbus, ucl_myriad, spark, utd_ganymede, charliecloud, targeted, icr_davros, save_bam_mapped, ceres, arm, munin, rosalind, annotation, hasta, cfc, test_full_aws, split_fastq, uzh, shu_bmrc, ebi_codon_slurm, ebc, variantcalling_channels, ccga_dx, crick, recalibrate_bam, ku_sund_danhead, marvin, shifter, biohpc_gen, mana, mamba, york_viking, unc_lccc, wehi, test_aws, awsbatch, wustl_htcf, test_full_germline_ncbench_agilent, arcc, ceci_dragon2, imperial, maestro, skip_bqsr, software_license, genotoul, nci_gadi, skip_markduplicates, abims, test_full_germline_aws, janelia, nu_genomics, googlebatch, oist, sahmri, kaust, mpcdf, leicester, vsc_ugent, trimming, create, sage, cambridge, tools_tumoronly, jex, podman, ebi_codon, cheaha, xanadu, nyu_hpc, test, prepare_recalibration_bam, marjorie, tools_germline, computerome, ucd_sonic, seg_globe, sanger, tools_somatic_ascat, dkfz, bluebear, pasteur, einstein, ethz_euler, m3c, test_full, imb, ucl_cscluster, tuos_stanage, azurebatch, hki, seadragon, crukmi, csiro_petrichor, qmul_apocrita, wave, docker, test_azure, test_full_azure, umi, engaging, gis, hypatia, psmn, eva, unity, nygc, markduplicates_bam, fgcz, conda, crg, singularity, sentieon_dedup_bam, mpcdf_viper, pe2, self_hosted_runner, tufts, uw_hyak_pedslabs, sentieon_dedup_cram, debug, tools_somatic, genouest, cbe, markduplicates_cram, unsw_katana, recalibrate_cram, no_intervals, prepare_recalibration_cram, pair, gitpod, phoenix, seawulf, uod_hpc, fub_curta, uct_hpc, aws_tower, test_full_germline_azure, binac]
Feb-18 08:49:24.883 [main] DEBUG nextflow.cli.CmdRun - Applied DSL=2 from script declaration
Feb-18 08:49:24.883 [main] DEBUG nextflow.cli.CmdRun - Launching `https://github.com/nf-core/sarek` [kickass_feynman] DSL2 - revision: 5fe5cdff17 [master]
Feb-18 08:49:24.884 [main] DEBUG nextflow.plugin.PluginsFacade - Plugins declared=[nf-schema@2.2.1, nf-prov@1.2.2]
Feb-18 08:49:24.884 [main] DEBUG nextflow.plugin.PluginsFacade - Plugins default=[]
Feb-18 08:49:24.884 [main] DEBUG nextflow.plugin.PluginsFacade - Plugins resolved requirement=[nf-schema@2.2.1, nf-prov@1.2.2]
Feb-18 08:49:24.885 [main] DEBUG nextflow.plugin.PluginUpdater - Installing plugin nf-schema version: 2.2.1
Feb-18 08:49:24.886 [main] INFO  nextflow.plugin.PluginUpdater - Downloading plugin nf-schema@2.2.1
Feb-18 08:49:26.042 [main] INFO  org.pf4j.util.FileUtils - Expanded plugin zip 'nf-schema-2.2.1.zip' in 'nf-schema-2.2.1'
Feb-18 08:49:26.047 [main] INFO  org.pf4j.AbstractPluginManager - Plugin 'nf-schema@2.2.1' resolved
Feb-18 08:49:26.047 [main] INFO  org.pf4j.AbstractPluginManager - Start plugin 'nf-schema@2.2.1'
Feb-18 08:49:26.050 [main] DEBUG nextflow.plugin.BasePlugin - Plugin started nf-schema@2.2.1
Feb-18 08:49:26.050 [main] DEBUG nextflow.plugin.PluginUpdater - Installing plugin nf-prov version: 1.2.2
Feb-18 08:49:26.050 [main] INFO  nextflow.plugin.PluginUpdater - Downloading plugin nf-prov@1.2.2
Feb-18 08:49:26.760 [main] INFO  org.pf4j.util.FileUtils - Expanded plugin zip 'nf-prov-1.2.2.zip' in 'nf-prov-1.2.2'
Feb-18 08:49:26.762 [main] INFO  org.pf4j.AbstractPluginManager - Plugin 'nf-prov@1.2.2' resolved
Feb-18 08:49:26.762 [main] INFO  org.pf4j.AbstractPluginManager - Start plugin 'nf-prov@1.2.2'
Feb-18 08:49:26.764 [main] DEBUG nextflow.plugin.BasePlugin - Plugin started nf-prov@1.2.2
Feb-18 08:49:26.807 [main] DEBUG nextflow.Session - Session UUID: d3934c86-877d-4261-94bb-91626985e3d4
Feb-18 08:49:26.808 [main] DEBUG nextflow.Session - Run name: kickass_feynman
Feb-18 08:49:26.808 [main] DEBUG nextflow.Session - Executor pool size: 8
Feb-18 08:49:26.813 [main] DEBUG nextflow.file.FilePorter - File porter settings maxRetries=3; maxTransfers=50; pollTimeout=null
Feb-18 08:49:26.815 [main] DEBUG nextflow.util.ThreadPoolBuilder - Creating thread pool 'FileTransfer' minSize=10; maxSize=24; workQueue=LinkedBlockingQueue[10000]; allowCoreThreadTimeout=false
Feb-18 08:49:26.845 [main] DEBUG nextflow.cli.CmdRun - 
  Version: 24.10.4 build 5934
  Created: 20-01-2025 16:47 UTC (16:47 IST)
  System: Mac OS X 15.1.1
  Runtime: Groovy 4.0.23 on OpenJDK 64-Bit Server VM 23.0.2+7
  Encoding: UTF-8 (UTF-8)
  Process: 23234@macbookair.lan [192.168.86.31]
  CPUs: 8 - Mem: 16 GB (101.5 MB) - Swap: 0 (0)
Feb-18 08:49:26.852 [main] DEBUG nextflow.Session - Work-dir: /Users/feargusogorman/workspace/PATH40060/bioinf/work [Mac OS X]
Feb-18 08:49:26.863 [main] DEBUG nextflow.executor.ExecutorFactory - Extension executors providers=[]
Feb-18 08:49:26.869 [main] DEBUG nextflow.Session - Observer factory: DefaultObserverFactory
Feb-18 08:49:26.880 [main] DEBUG nextflow.Session - Observer factory: ProvObserverFactory
Feb-18 08:49:26.905 [main] DEBUG nextflow.cache.CacheFactory - Using Nextflow cache factory: nextflow.cache.DefaultCacheFactory
Feb-18 08:49:26.911 [main] DEBUG nextflow.util.CustomThreadPool - Creating default thread pool > poolSize: 9; maxThreads: 1000
Feb-18 08:49:26.944 [main] DEBUG nextflow.Session - Session start
Feb-18 08:49:26.946 [main] DEBUG nextflow.trace.TraceFileObserver - Workflow started -- trace file: /Users/feargusogorman/workspace/PATH40060/bioinf/sarek_results/pipeline_info/execution_trace_2025-02-18_08-49-24.txt
Feb-18 08:49:27.249 [main] DEBUG nextflow.script.ScriptRunner - > Launching execution
Feb-18 08:49:27.714 [main] DEBUG nextflow.script.IncludeDef - Loading included plugin extensions with names: [paramsSummaryMap:paramsSummaryMap]; plugin Id: nf-schema
Feb-18 08:49:28.149 [main] DEBUG nextflow.script.IncludeDef - Loading included plugin extensions with names: [paramsSummaryLog:paramsSummaryLog]; plugin Id: nf-schema
Feb-18 08:49:28.150 [main] DEBUG nextflow.script.IncludeDef - Loading included plugin extensions with names: [validateParameters:validateParameters]; plugin Id: nf-schema
Feb-18 08:49:28.152 [main] DEBUG nextflow.script.IncludeDef - Loading included plugin extensions with names: [paramsSummaryMap:paramsSummaryMap]; plugin Id: nf-schema
Feb-18 08:49:28.152 [main] DEBUG nextflow.script.IncludeDef - Loading included plugin extensions with names: [samplesheetToList:samplesheetToList]; plugin Id: nf-schema
Feb-18 08:49:35.626 [main] DEBUG nextflow.script.IncludeDef - Loading included plugin extensions with names: [paramsSummaryLog:paramsSummaryLog]; plugin Id: nf-schema
Feb-18 08:49:35.627 [main] DEBUG nextflow.script.IncludeDef - Loading included plugin extensions with names: [validateParameters:validateParameters]; plugin Id: nf-schema
Feb-18 08:49:35.628 [main] DEBUG nextflow.script.IncludeDef - Loading included plugin extensions with names: [paramsSummaryMap:paramsSummaryMap]; plugin Id: nf-schema
Feb-18 08:49:35.628 [main] DEBUG nextflow.script.IncludeDef - Loading included plugin extensions with names: [samplesheetToList:samplesheetToList]; plugin Id: nf-schema
Feb-18 08:49:36.124 [main] INFO  nextflow.Nextflow - 
-[2m----------------------------------------------------[0m-
                                        [0;32m,--.[0;30m/[0;32m,-.[0m
[0;34m        ___     __   __   __   ___     [0;32m/,-._.--~'[0m
[0;34m  |\ | |__  __ /  ` /  \ |__) |__         [0;33m}  {[0m
[0;34m  | \| |       \__, \__/ |  \ |___     [0;32m\`-._,-`-,[0m
                                        [0;32m`._,._,'[0m
[0;37m      ____[0m
[0;37m    .´ _  `.[0m
[0;37m   /  [0;32m|\[0m`-_ \[0m     [0;34m __        __   ___     [0m
[0;37m  |   [0;32m| \[0m  `-|[0m    [0;34m|__`  /\  |__) |__  |__/[0m
[0;37m   \ [0;32m|   \[0m  /[0m     [0;34m.__| /¯¯\ |  \ |___ |  \[0m
[0;37m    `[0;32m|[0m____[0;32m\[0m´[0m

[0;35m  nf-core/sarek 3.5.1[0m
-[2m----------------------------------------------------[0m-
[1mInput/output options[0m
  [0;34minput          : [0;32msamplesheet.csv[0m
  [0;34moutdir         : [0;32m./sarek_results[0m

[1mReference genome options[0m
  [0;34mgenome         : [0;32mGRCh38[0m

[1mCore Nextflow options[0m
  [0;34mrevision       : [0;32mmaster[0m
  [0;34mrunName        : [0;32mkickass_feynman[0m
  [0;34mcontainerEngine: [0;32mdocker[0m
  [0;34mlaunchDir      : [0;32m/Users/feargusogorman/workspace/PATH40060/bioinf[0m
  [0;34mworkDir        : [0;32m/Users/feargusogorman/workspace/PATH40060/bioinf/work[0m
  [0;34mprojectDir     : [0;32m/Users/feargusogorman/.nextflow/assets/nf-core/sarek[0m
  [0;34muserName       : [0;32mfeargusogorman[0m
  [0;34mprofile        : [0;32mdocker[0m
  [0;34mconfigFiles    : [0;32m/Users/feargusogorman/.nextflow/assets/nf-core/sarek/nextflow.config[0m

!! Only displaying parameters that differ from the pipeline defaults !!
-[2m----------------------------------------------------[0m-
* The pipeline
    https://doi.org/10.12688/f1000research.16665.2
    https://doi.org/10.1093/nargab/lqae031
    https://doi.org/10.5281/zenodo.3476425

* The nf-core framework
    https://doi.org/10.1038/s41587-020-0439-x

* Software dependencies
    https://github.com/nf-core/sarek/blob/master/CITATIONS.md

Feb-18 08:49:36.125 [main] DEBUG nextflow.validation.SchemaValidator - Starting parameters validation
Feb-18 08:49:36.229 [main] DEBUG nextflow.validation.SchemaEvaluator - Started validating /Users/feargusogorman/workspace/PATH40060/bioinf/samplesheet.csv
Feb-18 08:49:36.262 [main] DEBUG n.v.FormatDirectoryPathEvaluator - Cloud blob storage paths are not supported by 'FormatDirectoryPathEvaluator': 's3://ngi-igenomes/igenomes/'
Feb-18 08:49:36.262 [main] DEBUG n.v.FormatDirectoryPathEvaluator - Cloud blob storage paths are not supported by 'FormatDirectoryPathEvaluator': 's3://annotation-cache/snpeff_cache/'
Feb-18 08:49:36.262 [main] DEBUG n.v.FormatDirectoryPathEvaluator - Cloud blob storage paths are not supported by 'FormatDirectoryPathEvaluator': 's3://annotation-cache/vep_cache/'
Feb-18 08:49:36.263 [main] ERROR nextflow.validation.SchemaValidator - Validation of pipeline parameters failed!
Feb-18 08:49:36.268 [main] DEBUG nextflow.script.ScriptRunner - Parsed script files:
  Script_f289bdfe26d7f1cf: /Users/feargusogorman/.nextflow/assets/nf-core/sarek/./workflows/sarek/../../modules/nf-core/fastqc/main.nf
  Script_2b401a04ae31574b: /Users/feargusogorman/.nextflow/assets/nf-core/sarek/./workflows/sarek/../../subworkflows/local/cram_sampleqc/main.nf
  Script_7abe1c051b661ed0: /Users/feargusogorman/.nextflow/assets/nf-core/sarek/./workflows/sarek/../../subworkflows/local/fastq_create_umi_consensus_fgbio/../../../modules/nf-core/fgbio/fastqtobam/main.nf
  Script_9a1f744b4af07447: /Users/feargusogorman/.nextflow/assets/nf-core/sarek/./subworkflows/local/annotation_cache_initialisation/main.nf
  Script_e6f540ffb2c944ec: /Users/feargusogorman/.nextflow/assets/nf-core/sarek/./workflows/sarek/../../subworkflows/local/bam_variant_calling_somatic_all/../bam_variant_calling_somatic_mutect2/../../../modules/nf-core/gatk4/calculatecontamination/main.nf
  Script_028a088a254cd6dd: /Users/feargusogorman/.nextflow/assets/nf-core/sarek/./workflows/sarek/../../subworkflows/local/bam_variant_calling_tumor_only_all/../bam_variant_calling_freebayes/main.nf
  Script_2719fbd471342244: /Users/feargusogorman/.nextflow/assets/nf-core/sarek/./workflows/sarek/../../subworkflows/local/cram_sampleqc/../../../subworkflows/nf-core/bam_ngscheckmate/main.nf
  Script_76c3210580c9fe21: /Users/feargusogorman/.nextflow/assets/nf-core/sarek/./workflows/sarek/../../subworkflows/local/vcf_annotate_all/main.nf
  Script_2b733a645bfb6d5a: /Users/feargusogorman/.nextflow/assets/nf-core/sarek/./workflows/sarek/main.nf
  Script_8ff83fc63a22c8fb: /Users/feargusogorman/.nextflow/assets/nf-core/sarek/./workflows/sarek/../../subworkflows/local/bam_variant_calling_somatic_all/../bam_variant_calling_indexcov/../../../modules/local/samtools/reindex_bam/main.nf
  Script_223ca400878df5b0: /Users/feargusogorman/.nextflow/assets/nf-core/sarek/./subworkflows/local/prepare_genome/../../../modules/nf-core/untar/main.nf
  Script_c80bb66b9dac5c97: /Users/feargusogorman/.nextflow/assets/nf-core/sarek/./workflows/sarek/../../subworkflows/local/vcf_annotate_all/../../nf-core/vcf_annotate_snpeff/../../../modules/nf-core/snpeff/snpeff/main.nf
  Script_a2aa0d1ede76c3e4: /Users/feargusogorman/.nextflow/assets/nf-core/sarek/./workflows/sarek/../../subworkflows/local/bam_variant_calling_somatic_all/../bam_variant_calling_mpileup/../../../modules/nf-core/cat/cat/main.nf
  Script_0470df1d00c50fae: /Users/feargusogorman/.nextflow/assets/nf-core/sarek/./workflows/sarek/../../subworkflows/local/bam_variant_calling_germline_all/../bam_joint_calling_germline_gatk/../../../modules/nf-core/gatk4/applyvqsr/main.nf
  Script_b8b71093ffc116f1: /Users/feargusogorman/.nextflow/assets/nf-core/sarek/./workflows/sarek/../../subworkflows/local/post_variantcalling/../vcf_concatenate_germline/main.nf
  Script_1a83631ea747ef88: /Users/feargusogorman/.nextflow/assets/nf-core/sarek/./workflows/sarek/../../subworkflows/local/bam_variant_calling_germline_all/main.nf
  Script_f34da7b33c26ef52: /Users/feargusogorman/.nextflow/assets/nf-core/sarek/./workflows/sarek/../../subworkflows/local/bam_variant_calling_germline_all/../bam_variant_calling_cnvkit/../../../modules/nf-core/cnvkit/export/main.nf
  Script_9f122e32eac0f4c1: /Users/feargusogorman/.nextflow/assets/nf-core/sarek/./workflows/sarek/../../subworkflows/local/bam_variant_calling_germline_all/../bam_variant_calling_freebayes/../../../modules/nf-core/freebayes/main.nf
  Script_824368743d45b72e: /Users/feargusogorman/.nextflow/assets/nf-core/sarek/./subworkflows/local/prepare_genome/main.nf
  Script_b3af914e27a1ce02: /Users/feargusogorman/.nextflow/assets/nf-core/sarek/./workflows/sarek/../../subworkflows/local/bam_sentieon_dedup/../../../modules/nf-core/sentieon/dedup/main.nf
  Script_668d1f0d214380c6: /Users/feargusogorman/.nextflow/assets/nf-core/sarek/./subworkflows/local/prepare_genome/../../../modules/nf-core/samtools/faidx/main.nf
  Script_02b13fce0ed21a2e: /Users/feargusogorman/.nextflow/assets/nf-core/sarek/./workflows/sarek/../../subworkflows/local/bam_variant_calling_somatic_all/../bam_variant_calling_somatic_manta/../../../modules/nf-core/manta/somatic/main.nf
  Script_129045cbcec43290: /Users/feargusogorman/.nextflow/assets/nf-core/sarek/./workflows/sarek/../../subworkflows/local/bam_variant_calling_germline_all/../bam_variant_calling_indexcov/../../../modules/nf-core/goleft/indexcov/main.nf
  Script_a40ac2ab631fac5b: /Users/feargusogorman/.nextflow/assets/nf-core/sarek/./workflows/sarek/../../subworkflows/local/bam_markduplicates_spark/../../../modules/nf-core/gatk4/estimatelibrarycomplexity/main.nf
  Script_1f0a1eb4bf79a7fd: /Users/feargusogorman/.nextflow/assets/nf-core/sarek/./workflows/sarek/../../subworkflows/local/bam_sentieon_dedup/main.nf
  Script_b8abeeceaabc9922: /Users/feargusogorman/.nextflow/assets/nf-core/sarek/./workflows/sarek/../../subworkflows/local/bam_variant_calling_germline_all/../bam_variant_calling_deepvariant/main.nf
  Script_0ce72e734ad77725: /Users/feargusogorman/.nextflow/assets/nf-core/sarek/./subworkflows/local/utils_nfcore_sarek_pipeline/../../nf-core/utils_nextflow_pipeline/main.nf
  Script_64e8d3d443f4d86f: /Users/feargusogorman/.nextflow/assets/nf-core/sarek/./workflows/sarek/../../subworkflows/local/bam_variant_calling_germline_all/../bam_joint_calling_germline_sentieon/main.nf
  Script_bf84ae935173146f: /Users/feargusogorman/.nextflow/assets/nf-core/sarek/./workflows/sarek/../../subworkflows/local/bam_markduplicates_spark/../cram_qc_mosdepth_samtools/main.nf
  Script_5e3dda2ff6021e1a: /Users/feargusogorman/.nextflow/assets/nf-core/sarek/./workflows/sarek/../../subworkflows/local/bam_variant_calling_somatic_all/../bam_variant_calling_somatic_mutect2/../../../modules/nf-core/gatk4/filtermutectcalls/main.nf
  Script_ee34bf515398c533: /Users/feargusogorman/.nextflow/assets/nf-core/sarek/./workflows/sarek/../../subworkflows/local/utils_nfcore_sarek_pipeline/../samplesheet_to_channel/main.nf
  Script_819aadb1392fd995: /Users/feargusogorman/.nextflow/assets/nf-core/sarek/./workflows/sarek/../../subworkflows/local/vcf_annotate_all/../../nf-core/vcf_annotate_ensemblvep/../../../modules/nf-core/ensemblvep/vep/main.nf
  Script_7a66424f9cfe9c28: /Users/feargusogorman/.nextflow/assets/nf-core/sarek/./workflows/sarek/../../subworkflows/local/bam_convert_samtools/../../../modules/nf-core/cat/fastq/main.nf
  Script_2b1c6a73b143b9f1: /Users/feargusogorman/.nextflow/assets/nf-core/sarek/./workflows/sarek/../../subworkflows/local/bam_variant_calling_somatic_all/../bam_variant_calling_somatic_strelka/main.nf
  Script_b6f6b85e4ee95525: /Users/feargusogorman/.nextflow/assets/nf-core/sarek/./workflows/sarek/../../subworkflows/local/bam_baserecalibrator_spark/../../../modules/nf-core/gatk4/gatherbqsrreports/main.nf
  Script_057d3de35ec771e9: /Users/feargusogorman/.nextflow/assets/nf-core/sarek/./workflows/sarek/../../subworkflows/local/bam_markduplicates_spark/main.nf
  Script_d6715a92b793b124: /Users/feargusogorman/.nextflow/assets/nf-core/sarek/./subworkflows/local/prepare_genome/../../../modules/nf-core/bwamem2/index/main.nf
  Script_ca1602e337ab4f2a: /Users/feargusogorman/.nextflow/assets/nf-core/sarek/./workflows/sarek/../../subworkflows/local/bam_variant_calling_tumor_only_all/../bam_variant_calling_cnvkit/../../../modules/nf-core/cnvkit/genemetrics/main.nf
  Script_e5fccee2ba9a7b56: /Users/feargusogorman/.nextflow/assets/nf-core/sarek/./workflows/sarek/../../subworkflows/local/bam_applybqsr/../cram_merge_index_samtools/../../../modules/nf-core/samtools/merge/main.nf
  Script_b51e866816de7307: /Users/feargusogorman/.nextflow/assets/nf-core/sarek/./workflows/sarek/../../subworkflows/local/fastq_create_umi_consensus_fgbio/../../../modules/nf-core/samtools/bam2fq/main.nf
  Script_e6188ba138d07431: /Users/feargusogorman/.nextflow/assets/nf-core/sarek/./workflows/sarek/../../subworkflows/local/bam_baserecalibrator/main.nf
  Script_5a1ee4df50ceb976: /Users/feargusogorman/.nextflow/assets/nf-core/sarek/./workflows/sarek/../../subworkflows/local/channel_markduplicates_create_csv/main.nf
  Script_af1e34c37a4660bf: /Users/feargusogorman/.nextflow/assets/nf-core/sarek/./workflows/sarek/../../subworkflows/local/utils_nfcore_sarek_pipeline/main.nf
  Script_d11b5c79ea543e09: /Users/feargusogorman/.nextflow/assets/nf-core/sarek/./workflows/sarek/../../subworkflows/local/bam_variant_calling_tumor_only_all/../bam_variant_calling_tumor_only_controlfreec/main.nf
  Script_12f1b0cba653bc40: /Users/feargusogorman/.nextflow/assets/nf-core/sarek/./workflows/sarek/../../subworkflows/local/bam_variant_calling_somatic_all/../bam_variant_calling_somatic_ascat/main.nf
  Script_319b72dc6ac6baa4: /Users/feargusogorman/.nextflow/assets/nf-core/sarek/./subworkflows/local/prepare_genome/../../../modules/nf-core/msisensorpro/scan/main.nf
  Script_eda4c1615e5caaae: /Users/feargusogorman/.nextflow/assets/nf-core/sarek/./workflows/sarek/../../subworkflows/local/bam_applybqsr/../cram_merge_index_samtools/main.nf
  Script_1690db9662109ef7: /Users/feargusogorman/.nextflow/assets/nf-core/sarek/./workflows/sarek/../../subworkflows/local/bam_variant_calling_germline_all/../bam_variant_calling_sentieon_haplotyper/main.nf
  Script_57ee94b0d1ea8856: /Users/feargusogorman/.nextflow/assets/nf-core/sarek/./workflows/sarek/../../subworkflows/local/channel_variant_calling_create_csv/main.nf
  Script_3ff1656b1d66c1f2: /Users/feargusogorman/.nextflow/assets/nf-core/sarek/./workflows/sarek/../../subworkflows/local/bam_applybqsr_spark/../cram_merge_index_samtools/../../../modules/nf-core/samtools/index/main.nf
  Script_1dca684e20afa7cb: /Users/feargusogorman/.nextflow/assets/nf-core/sarek/./workflows/sarek/../../subworkflows/local/bam_applybqsr/main.nf
  Script_1d72d5d488f8c5ea: /Users/feargusogorman/.nextflow/assets/nf-core/sarek/./workflows/sarek/../../subworkflows/local/fastq_create_umi_consensus_fgbio/../../../modules/nf-core/fgbio/callmolecularconsensusreads/main.nf
  Script_4cb94d2c5ce6310a: /Users/feargusogorman/.nextflow/assets/nf-core/sarek/./workflows/sarek/../../subworkflows/local/bam_variant_calling_germline_all/../bam_joint_calling_germline_sentieon/../../../modules/nf-core/sentieon/gvcftyper/main.nf
  Script_b586a2201c19b6cb: /Users/feargusogorman/.nextflow/assets/nf-core/sarek/./workflows/sarek/../../subworkflows/local/fastq_create_umi_consensus_fgbio/../../../modules/nf-core/samblaster/main.nf
  Script_a9e4dae695eeedc0: /Users/feargusogorman/.nextflow/assets/nf-core/sarek/./workflows/sarek/../../subworkflows/local/bam_applybqsr/../../../modules/nf-core/gatk4/applybqsr/main.nf
  Script_ee2021533d309cc4: /Users/feargusogorman/.nextflow/assets/nf-core/sarek/./workflows/sarek/../../subworkflows/local/bam_baserecalibrator_spark/main.nf
  Script_dcc0103cf6df5867: /Users/feargusogorman/.nextflow/assets/nf-core/sarek/./workflows/sarek/../../subworkflows/local/fastq_align_bwamem_mem2_dragmap_sentieon/../../../modules/nf-core/sentieon/bwamem/main.nf
  Script_bc049ecb86093316: /Users/feargusogorman/.nextflow/assets/nf-core/sarek/./workflows/sarek/../../subworkflows/local/bam_variant_calling_germline_all/../bam_variant_calling_sentieon_dnascope/main.nf
  Script_1a1ad9a55706351e: /Users/feargusogorman/.nextflow/assets/nf-core/sarek/./subworkflows/local/prepare_genome/../../../modules/nf-core/gatk4/createsequencedictionary/main.nf
  Script_282984c0da057d55: /Users/feargusogorman/.nextflow/assets/nf-core/sarek/./workflows/sarek/../../subworkflows/local/bam_variant_calling_germline_all/../bam_variant_calling_sentieon_dnascope/../../../modules/nf-core/sentieon/dnascope/main.nf
  Script_755c4bca437f6e1a: /Users/feargusogorman/.nextflow/assets/nf-core/sarek/./workflows/sarek/../../subworkflows/local/bam_convert_samtools/main.nf
  Script_7e1dbf17e4d60bc6: /Users/feargusogorman/.nextflow/assets/nf-core/sarek/./workflows/sarek/../../subworkflows/local/cram_sampleqc/../../../subworkflows/local/cram_qc_mosdepth_samtools/../../../modules/nf-core/mosdepth/main.nf
  Script_525415b7be4c75ab: /Users/feargusogorman/.nextflow/assets/nf-core/sarek/./workflows/sarek/../../subworkflows/local/bam_variant_calling_somatic_all/../bam_variant_calling_somatic_mutect2/../../../modules/nf-core/gatk4/getpileupsummaries/main.nf
  Script_f956f6322a74991c: /Users/feargusogorman/.nextflow/assets/nf-core/sarek/./workflows/sarek/../../subworkflows/local/bam_variant_calling_germline_all/../bam_joint_calling_germline_gatk/../../../modules/nf-core/gatk4/genomicsdbimport/main.nf
  Script_d0b56273bec7c219: /Users/feargusogorman/.nextflow/assets/nf-core/sarek/./workflows/sarek/../../subworkflows/local/bam_variant_calling_germline_all/../bam_variant_calling_single_strelka/main.nf
  Script_5063435f9f6c42c1: /Users/feargusogorman/.nextflow/assets/nf-core/sarek/./workflows/sarek/../../subworkflows/local/bam_variant_calling_somatic_all/../bam_variant_calling_somatic_controlfreec/main.nf
  Script_5fd54cc278f5533b: /Users/feargusogorman/.nextflow/assets/nf-core/sarek/./workflows/sarek/../../subworkflows/local/bam_variant_calling_germline_all/../bam_variant_calling_mpileup/main.nf
  Script_215a636da7ab24a2: /Users/feargusogorman/.nextflow/assets/nf-core/sarek/./workflows/sarek/../../subworkflows/local/utils_nfcore_sarek_pipeline/../../nf-core/utils_nfschema_plugin/main.nf
  Script_795a2a24ac2ccf20: /Users/feargusogorman/.nextflow/assets/nf-core/sarek/./subworkflows/local/prepare_reference_cnvkit/../../../modules/nf-core/cnvkit/reference/main.nf
  Script_0d2b067c028ec877: /Users/feargusogorman/.nextflow/assets/nf-core/sarek/./workflows/sarek/../../subworkflows/local/bam_variant_calling_germline_all/../bam_variant_calling_indexcov/main.nf
  Script_22493c8980382660: /Users/feargusogorman/.nextflow/assets/nf-core/sarek/./workflows/sarek/../../subworkflows/local/post_variantcalling/../vcf_concatenate_germline/../../../modules/nf-core/bcftools/concat/main.nf
  Script_ccf2b8f40d5f2d96: /Users/feargusogorman/.nextflow/assets/nf-core/sarek/./workflows/sarek/../../subworkflows/local/bam_baserecalibrator_spark/../../../modules/nf-core/gatk4spark/baserecalibrator/main.nf
  Script_9f6ce129b29ed4a5: /Users/feargusogorman/.nextflow/assets/nf-core/sarek/./workflows/sarek/../../modules/nf-core/fastp/main.nf
  Script_1513213805431d5d: /Users/feargusogorman/.nextflow/assets/nf-core/sarek/./workflows/sarek/../../subworkflows/local/bam_variant_calling_tumor_only_all/../bam_variant_calling_single_tiddit/main.nf
  Script_50a37d59281f26e1: /Users/feargusogorman/.nextflow/assets/nf-core/sarek/./workflows/sarek/../../subworkflows/local/bam_markduplicates_spark/../../../modules/nf-core/gatk4spark/markduplicates/main.nf
  Script_b020395cbce5d093: /Users/feargusogorman/.nextflow/assets/nf-core/sarek/./workflows/sarek/../../subworkflows/local/vcf_annotate_all/../../nf-core/vcf_annotate_snpeff/main.nf
  Script_5ebb2c36f6b7f624: /Users/feargusogorman/.nextflow/assets/nf-core/sarek/./workflows/sarek/../../subworkflows/local/bam_variant_calling_somatic_all/../bam_variant_calling_somatic_manta/main.nf
  Script_19b54da666a96d27: /Users/feargusogorman/.nextflow/assets/nf-core/sarek/./workflows/sarek/../../subworkflows/local/fastq_create_umi_consensus_fgbio/../fastq_align_bwamem_mem2_dragmap_sentieon/main.nf
  Script_c7ac4d9476aa2ba2: /Users/feargusogorman/.nextflow/assets/nf-core/sarek/./workflows/sarek/../../subworkflows/local/bam_baserecalibrator/../../../modules/nf-core/gatk4/baserecalibrator/main.nf
  Script_f546fa1a30569187: /Users/feargusogorman/.nextflow/assets/nf-core/sarek/./workflows/sarek/../../subworkflows/local/bam_variant_calling_tumor_only_all/../bam_variant_calling_tumor_only_controlfreec/../../../modules/nf-core/controlfreec/assesssignificance/main.nf
  Script_28f941a95f1d6b78: /Users/feargusogorman/.nextflow/assets/nf-core/sarek/./subworkflows/local/prepare_genome/../../../modules/nf-core/tabix/tabix/main.nf
  Script_22665c4a579d54f9: /Users/feargusogorman/.nextflow/assets/nf-core/sarek/./workflows/sarek/../../subworkflows/local/bam_variant_calling_tumor_only_all/../bam_variant_calling_cnvkit/../../../modules/nf-core/cnvkit/batch/main.nf
  Script_5887836764e3f95a: /Users/feargusogorman/.nextflow/assets/nf-core/sarek/./workflows/sarek/../../subworkflows/local/vcf_qc_bcftools_vcftools/main.nf
  Script_2188acb123c22beb: /Users/feargusogorman/.nextflow/assets/nf-core/sarek/./workflows/sarek/../../subworkflows/local/bam_variant_calling_germline_all/../vcf_variant_filtering_gatk/../../../modules/nf-core/gatk4/filtervarianttranches/main.nf
  Script_40c8af5fd1d6a65d: /Users/feargusogorman/.nextflow/assets/nf-core/sarek/./workflows/sarek/../../subworkflows/local/bam_variant_calling_somatic_all/../bam_variant_calling_somatic_strelka/../../../modules/nf-core/strelka/somatic/main.nf
  Script_4f4c1dcf01d7366a: /Users/feargusogorman/.nextflow/assets/nf-core/sarek/./workflows/sarek/../../subworkflows/local/bam_variant_calling_germline_all/../bam_joint_calling_germline_gatk/main.nf
  Script_ce8725cd2a4af861: /Users/feargusogorman/.nextflow/assets/nf-core/sarek/./subworkflows/local/prepare_intervals/../../../modules/local/create_intervals_bed/main.nf
  Script_3a490b10a1aee53b: /Users/feargusogorman/.nextflow/assets/nf-core/sarek/./workflows/sarek/../../subworkflows/local/bam_variant_calling_somatic_all/../bam_variant_calling_somatic_ascat/../../../modules/nf-core/ascat/main.nf
  Script_16efaba349dfbe4c: /Users/feargusogorman/.nextflow/assets/nf-core/sarek/./workflows/sarek/../../subworkflows/local/bam_variant_calling_germline_all/../bam_variant_calling_mpileup/../../../modules/nf-core/bcftools/mpileup/main.nf
  Script_559f19a480fa4b06: /Users/feargusogorman/.nextflow/assets/nf-core/sarek/./workflows/sarek/../../subworkflows/local/bam_variant_calling_germline_all/../bam_variant_calling_mpileup/../../../modules/nf-core/samtools/mpileup/main.nf
  Script_5db680c933e2ff12: /Users/feargusogorman/.nextflow/assets/nf-core/sarek/./workflows/sarek/../../subworkflows/local/bam_variant_calling_tumor_only_all/../bam_variant_calling_tumor_only_mutect2/../../../modules/nf-core/gatk4/gatherpileupsummaries/main.nf
  Script_b428227b4d50d6b9: /Users/feargusogorman/.nextflow/assets/nf-core/sarek/./workflows/sarek/../../subworkflows/local/post_variantcalling/../vcf_concatenate_germline/../../../modules/nf-core/tabix/bgziptabix/main.nf
  Script_ea5171a3862b3145: /Users/feargusogorman/.nextflow/assets/nf-core/sarek/./subworkflows/local/prepare_intervals/../../../modules/nf-core/gatk4/intervallisttobed/main.nf
  Script_65f7a9bfe841c9f1: /Users/feargusogorman/.nextflow/assets/nf-core/sarek/./workflows/sarek/../../subworkflows/local/bam_variant_calling_germline_all/../bam_variant_calling_haplotypecaller/main.nf
  Script_35173eb261765cf2: /Users/feargusogorman/.nextflow/assets/nf-core/sarek/./subworkflows/local/download_cache_snpeff_vep/../../../modules/nf-core/snpeff/download/main.nf
  Script_4955288afd8ca61e: /Users/feargusogorman/.nextflow/assets/nf-core/sarek/./workflows/sarek/../../modules/nf-core/multiqc/main.nf
  Script_def39566b16f9c71: /Users/feargusogorman/.nextflow/assets/nf-core/sarek/./workflows/sarek/../../subworkflows/local/bam_variant_calling_germline_all/../bam_joint_calling_germline_gatk/../../../modules/nf-core/gatk4/genotypegvcfs/main.nf
  Script_6fbcf8477f9d7d4c: /Users/feargusogorman/.nextflow/assets/nf-core/sarek/./workflows/sarek/../../subworkflows/nf-core/utils_nfcore_pipeline/main.nf
  Script_22afa208f7c54a51: /Users/feargusogorman/.nextflow/assets/nf-core/sarek/./workflows/sarek/../../subworkflows/local/bam_variant_calling_germline_all/../bam_joint_calling_germline_sentieon/../../../modules/nf-core/sentieon/varcal/main.nf
  Script_a596d37d30e0bd03: /Users/feargusogorman/.nextflow/assets/nf-core/sarek/./workflows/sarek/../../subworkflows/local/bam_variant_calling_tumor_only_all/../bam_variant_calling_tumor_only_mutect2/main.nf
  Script_a1bcdb7a1cee0441: /Users/feargusogorman/.nextflow/assets/nf-core/sarek/./workflows/sarek/../../subworkflows/local/bam_variant_calling_somatic_all/../bam_variant_calling_somatic_mutect2/../../../modules/nf-core/gatk4/mutect2/main.nf
  Script_986822999eec5083: /Users/feargusogorman/.nextflow/assets/nf-core/sarek/./workflows/sarek/../../subworkflows/local/bam_variant_calling_somatic_all/../bam_variant_calling_somatic_mutect2/../../../modules/nf-core/gatk4/mergemutectstats/main.nf
  Script_76be394b89bf3625: /Users/feargusogorman/.nextflow/assets/nf-core/sarek/./workflows/sarek/../../subworkflows/local/vcf_qc_bcftools_vcftools/../../../modules/nf-core/vcftools/main.nf
  Script_07e778c9418e34ce: /Users/feargusogorman/.nextflow/assets/nf-core/sarek/./workflows/sarek/../../subworkflows/local/post_variantcalling/../vcf_concatenate_germline/../../../modules/local/add_info_to_vcf/main.nf
  Script_95fc895ef88c0a5e: /Users/feargusogorman/.nextflow/assets/nf-core/sarek/./workflows/sarek/../../subworkflows/local/bam_variant_calling_germline_all/../bam_joint_calling_germline_gatk/../../../modules/nf-core/gatk4/variantrecalibrator/main.nf
  Script_9a0341bb8a253b1b: /Users/feargusogorman/.nextflow/assets/nf-core/sarek/./workflows/sarek/../../subworkflows/local/bam_applybqsr_spark/main.nf
  Script_398efd73d6615984: /Users/feargusogorman/.nextflow/assets/nf-core/sarek/./subworkflows/local/download_cache_snpeff_vep/main.nf
  Script_dc37288a8ff6ff5e: /Users/feargusogorman/.nextflow/assets/nf-core/sarek/./workflows/sarek/../../subworkflows/local/bam_variant_calling_germline_all/../vcf_variant_filtering_gatk/main.nf
  Script_71644ff913245f63: /Users/feargusogorman/.nextflow/assets/nf-core/sarek/./workflows/sarek/../../subworkflows/local/vcf_annotate_all/../../nf-core/vcf_annotate_ensemblvep/main.nf
  Script_cc95cdf301222818: /Users/feargusogorman/.nextflow/assets/nf-core/sarek/./workflows/sarek/../../subworkflows/local/bam_variant_calling_tumor_only_all/../bam_variant_calling_tumor_only_controlfreec/../../../modules/nf-core/controlfreec/freec2bed/main.nf
  Script_ec7f32831b7e4583: /Users/feargusogorman/.nextflow/assets/nf-core/sarek/./workflows/sarek/../../subworkflows/local/bam_variant_calling_somatic_all/../bam_variant_calling_somatic_mutect2/../../../modules/nf-core/gatk4/learnreadorientationmodel/main.nf
  Script_87d7e2a2e7393ec1: /Users/feargusogorman/.nextflow/assets/nf-core/sarek/./workflows/sarek/../../subworkflows/local/bam_variant_calling_somatic_all/../bam_variant_calling_somatic_tiddit/../../../modules/nf-core/svdb/merge/main.nf
  Script_27bfd85c6357625a: /Users/feargusogorman/.nextflow/assets/nf-core/sarek/./workflows/sarek/../../subworkflows/local/bam_variant_calling_germline_all/../bam_variant_calling_haplotypecaller/../bam_merge_index_samtools/main.nf
  Script_106c897be00672c0: /Users/feargusogorman/.nextflow/assets/nf-core/sarek/./workflows/sarek/../../subworkflows/local/vcf_annotate_all/../vcf_annotate_bcftools/../../../modules/nf-core/bcftools/annotate/main.nf
  Script_f57dc866f0b59998: /Users/feargusogorman/.nextflow/assets/nf-core/sarek/./workflows/sarek/../../subworkflows/local/bam_variant_calling_tumor_only_all/main.nf
  Script_bffad0bae920118f: /Users/feargusogorman/.nextflow/assets/nf-core/sarek/./workflows/sarek/../../subworkflows/local/bam_variant_calling_germline_all/../bam_joint_calling_germline_sentieon/../../../modules/nf-core/sentieon/applyvarcal/main.nf
  Script_cf2ce48a700fff15: /Users/feargusogorman/.nextflow/assets/nf-core/sarek/./workflows/sarek/../../subworkflows/local/bam_variant_calling_somatic_all/../bam_variant_calling_cnvkit/../../../modules/nf-core/cnvkit/call/main.nf
  Script_777aa12702bc2e5e: /Users/feargusogorman/.nextflow/assets/nf-core/sarek/./workflows/sarek/../../subworkflows/local/bam_variant_calling_germline_all/../bam_variant_calling_sentieon_haplotyper/../../../modules/nf-core/sentieon/haplotyper/main.nf
  Script_3db632c9775b8ab1: /Users/feargusogorman/.nextflow/assets/nf-core/sarek/./workflows/sarek/../../subworkflows/local/fastq_create_umi_consensus_fgbio/../../../modules/nf-core/fgbio/groupreadsbyumi/main.nf
  Script_0efe1bd11f3c1ecf: /Users/feargusogorman/.nextflow/assets/nf-core/sarek/./workflows/sarek/../../subworkflows/local/fastq_create_umi_consensus_fgbio/../fastq_align_bwamem_mem2_dragmap_sentieon/../../../modules/nf-core/bwa/mem/main.nf
  Script_9a898fc2ef2d97f0: /Users/feargusogorman/.nextflow/assets/nf-core/sarek/./workflows/sarek/../../subworkflows/local/bam_variant_calling_somatic_all/../../../modules/nf-core/msisensorpro/msisomatic/main.nf
  Script_cd6b697b5cdaf206: /Users/feargusogorman/.nextflow/assets/nf-core/sarek/./workflows/sarek/../../subworkflows/local/bam_convert_samtools/../../../modules/nf-core/samtools/view/main.nf
  Script_f0dba0e4af952478: /Users/feargusogorman/.nextflow/assets/nf-core/sarek/main.nf
  Script_a4bb05978cccb4df: /Users/feargusogorman/.nextflow/assets/nf-core/sarek/./workflows/sarek/../../subworkflows/local/bam_variant_calling_tumor_only_all/../bam_variant_calling_cnvkit/main.nf
  Script_3c537a6d105b66a5: /Users/feargusogorman/.nextflow/assets/nf-core/sarek/./workflows/sarek/../../subworkflows/local/post_variantcalling/main.nf
  Script_069ae240da88d1f8: /Users/feargusogorman/.nextflow/assets/nf-core/sarek/./workflows/sarek/../../subworkflows/local/bam_variant_calling_germline_all/../../../modules/nf-core/sentieon/dnamodelapply/main.nf
  Script_47023b830d2a0f0f: /Users/feargusogorman/.nextflow/assets/nf-core/sarek/./workflows/sarek/../../subworkflows/local/bam_variant_calling_tumor_only_all/../bam_variant_calling_single_tiddit/../../../modules/nf-core/tiddit/sv/main.nf
  Script_ea1853a6d4a4e95a: /Users/feargusogorman/.nextflow/assets/nf-core/sarek/./workflows/sarek/../../subworkflows/local/bam_variant_calling_tumor_only_all/../bam_variant_calling_tumor_only_lofreq/../../../modules/nf-core/lofreq/callparallel/main.nf
  Script_d86efa1a3c45f294: /Users/feargusogorman/.nextflow/assets/nf-core/sarek/./workflows/sarek/../../subworkflows/local/bam_markduplicates/../../../modules/nf-core/gatk4/markduplicates/main.nf
  Script_b530bf25fb72e640: /Users/feargusogorman/.nextflow/assets/nf-core/sarek/./subworkflows/local/prepare_intervals/main.nf
  Script_1613b97f11d35ecd: /Users/feargusogorman/.nextflow/assets/nf-core/sarek/./subworkflows/local/prepare_reference_cnvkit/main.nf
  Script_49a410273a0d4342: /Users/feargusogorman/.nextflow/assets/nf-core/sarek/./workflows/sarek/../../subworkflows/local/fastq_align_bwamem_mem2_dragmap_sentieon/../../../modules/nf-core/bwamem2/mem/main.nf
  Script_5fe56935cbbdbe39: /Users/feargusogorman/.nextflow/assets/nf-core/sarek/./workflows/sarek/../../subworkflows/local/bam_variant_calling_somatic_all/../bam_variant_calling_somatic_mutect2/main.nf
  Script_afe39ca239cc60ee: /Users/feargusogorman/.nextflow/assets/nf-core/sarek/./subworkflows/local/prepare_intervals/../../../modules/nf-core/gawk/main.nf
  Script_896566c5c28b0384: /Users/feargusogorman/.nextflow/assets/nf-core/sarek/./workflows/sarek/../../subworkflows/local/fastq_create_umi_consensus_fgbio/main.nf
  Script_7eed17253b08a17f: /Users/feargusogorman/.nextflow/assets/nf-core/sarek/./workflows/sarek/../../subworkflows/local/bam_variant_calling_tumor_only_all/../bam_variant_calling_tumor_only_lofreq/main.nf
  Script_d8e65b113c3b6186: /Users/feargusogorman/.nextflow/assets/nf-core/sarek/./subworkflows/local/prepare_genome/../../../modules/nf-core/bwa/index/main.nf
  Script_8d1bad9e1fc84660: /Users/feargusogorman/.nextflow/assets/nf-core/sarek/./workflows/sarek/../../subworkflows/local/bam_variant_calling_tumor_only_all/../bam_variant_calling_tumor_only_manta/main.nf
  Script_66516be8545f71f2: /Users/feargusogorman/.nextflow/assets/nf-core/sarek/./workflows/sarek/../../subworkflows/local/channel_align_create_csv/main.nf
  Script_981d89be108d933e: /Users/feargusogorman/.nextflow/assets/nf-core/sarek/./workflows/sarek/../../subworkflows/local/bam_variant_calling_tumor_only_all/../bam_variant_calling_tumor_only_manta/../../../modules/nf-core/manta/tumoronly/main.nf
  Script_a19f9ce9b09443d5: /Users/feargusogorman/.nextflow/assets/nf-core/sarek/./workflows/sarek/../../subworkflows/local/bam_variant_calling_tumor_only_all/../bam_variant_calling_tumor_only_controlfreec/../../../modules/nf-core/controlfreec/freec/main.nf
  Script_83136d252c233538: /Users/feargusogorman/.nextflow/assets/nf-core/sarek/./workflows/sarek/../../modules/nf-core/spring/decompress/main.nf
  Script_2dd62d07716b998d: /Users/feargusogorman/.nextflow/assets/nf-core/sarek/./workflows/sarek/../../modules/nf-core/samtools/convert/main.nf
  Script_889f56729c972eac: /Users/feargusogorman/.nextflow/assets/nf-core/sarek/./workflows/sarek/../../subworkflows/local/bam_variant_calling_somatic_all/../bam_variant_calling_freebayes/../../../modules/nf-core/bcftools/sort/main.nf
  Script_bc1034bcad96577b: /Users/feargusogorman/.nextflow/assets/nf-core/sarek/./workflows/sarek/../../subworkflows/local/channel_applybqsr_create_csv/main.nf
  Script_a57b73412a5be98e: /Users/feargusogorman/.nextflow/assets/nf-core/sarek/./workflows/sarek/../../subworkflows/local/bam_variant_calling_germline_all/../vcf_variant_filtering_gatk/../../../modules/nf-core/gatk4/cnnscorevariants/main.nf
  Script_9c1a81a9ee2514ba: /Users/feargusogorman/.nextflow/assets/nf-core/sarek/./workflows/sarek/../../subworkflows/local/bam_variant_calling_germline_all/../bam_variant_calling_germline_manta/main.nf
  Script_7a96355ab7d6f1a3: /Users/feargusogorman/.nextflow/assets/nf-core/sarek/./workflows/sarek/../../subworkflows/local/bam_markduplicates/main.nf
  Script_c91aa9a4bd1ae3f4: /Users/feargusogorman/.nextflow/assets/nf-core/sarek/./workflows/sarek/../../subworkflows/local/bam_variant_calling_somatic_all/main.nf
  Script_602945516a2dd366: /Users/feargusogorman/.nextflow/assets/nf-core/sarek/./workflows/sarek/../../subworkflows/local/fastq_align_bwamem_mem2_dragmap_sentieon/../../../modules/nf-core/dragmap/align/main.nf
  Script_a22ce229b6cc00df: /Users/feargusogorman/.nextflow/assets/nf-core/sarek/./workflows/sarek/../../subworkflows/local/bam_variant_calling_germline_all/../bam_variant_calling_deepvariant/../../../modules/nf-core/deepvariant/rundeepvariant/main.nf
  Script_0a849060da7056aa: /Users/feargusogorman/.nextflow/assets/nf-core/sarek/./workflows/sarek/../../subworkflows/local/bam_variant_calling_somatic_all/../bam_variant_calling_somatic_controlfreec/../../../modules/nf-core/controlfreec/freec2circos/main.nf
  Script_6df0dcc77a212b33: /Users/feargusogorman/.nextflow/assets/nf-core/sarek/./workflows/sarek/../../subworkflows/local/bam_variant_calling_somatic_all/../bam_variant_calling_somatic_controlfreec/../../../modules/nf-core/controlfreec/makegraph2/main.nf
  Script_81ec1f07ab213590: /Users/feargusogorman/.nextflow/assets/nf-core/sarek/./workflows/sarek/../../subworkflows/local/bam_convert_samtools/../../../modules/nf-core/samtools/collatefastq/main.nf
  Script_1bd098db325044b1: /Users/feargusogorman/.nextflow/assets/nf-core/sarek/./workflows/sarek/../../subworkflows/local/channel_baserecalibrator_create_csv/main.nf
  Script_e2fb30b813036521: /Users/feargusogorman/.nextflow/assets/nf-core/sarek/./workflows/sarek/../../subworkflows/local/bam_variant_calling_germline_all/../bam_variant_calling_germline_manta/../../../modules/nf-core/manta/germline/main.nf
  Script_d5cab7da0897d72e: /Users/feargusogorman/.nextflow/assets/nf-core/sarek/./workflows/sarek/../../subworkflows/local/bam_variant_calling_somatic_all/../bam_variant_calling_somatic_tiddit/main.nf
  Script_1c7d7a4569b86317: /Users/feargusogorman/.nextflow/assets/nf-core/sarek/./workflows/sarek/../../subworkflows/local/cram_sampleqc/../../../subworkflows/local/cram_qc_mosdepth_samtools/../../../modules/nf-core/samtools/stats/main.nf
  Script_ce094188ad6cffa2: /Users/feargusogorman/.nextflow/assets/nf-core/sarek/./workflows/sarek/../../subworkflows/local/bam_variant_calling_germline_all/../bam_variant_calling_haplotypecaller/../../../modules/nf-core/gatk4/haplotypecaller/main.nf
  Script_e7e4058441ead3e3: /Users/feargusogorman/.nextflow/assets/nf-core/sarek/./workflows/sarek/../../subworkflows/local/bam_variant_calling_germline_all/../bam_variant_calling_single_strelka/../../../modules/nf-core/strelka/germline/main.nf
  Script_bf5fea05e615580c: /Users/feargusogorman/.nextflow/assets/nf-core/sarek/./subworkflows/local/prepare_genome/../../../modules/nf-core/dragmap/hashtable/main.nf
  Script_6630dd73aedd8b51: /Users/feargusogorman/.nextflow/assets/nf-core/sarek/./subworkflows/local/download_cache_snpeff_vep/../../../modules/nf-core/ensemblvep/download/main.nf
  Script_187f79be3eba8ea9: /Users/feargusogorman/.nextflow/assets/nf-core/sarek/./workflows/sarek/../../subworkflows/local/vcf_annotate_all/../vcf_annotate_bcftools/main.nf
  Script_477105648dabdd41: /Users/feargusogorman/.nextflow/assets/nf-core/sarek/./workflows/sarek/../../subworkflows/local/vcf_qc_bcftools_vcftools/../../../modules/nf-core/bcftools/stats/main.nf
  Script_185f79e4a174cc18: /Users/feargusogorman/.nextflow/assets/nf-core/sarek/./workflows/sarek/../../subworkflows/local/cram_sampleqc/../../../subworkflows/nf-core/bam_ngscheckmate/../../../modules/nf-core/ngscheckmate/ncm/main.nf
  Script_ba3a5724e6a02fb3: /Users/feargusogorman/.nextflow/assets/nf-core/sarek/./subworkflows/local/prepare_reference_cnvkit/../../../modules/nf-core/cnvkit/antitarget/main.nf
  Script_968436927447c3df: /Users/feargusogorman/.nextflow/assets/nf-core/sarek/./workflows/sarek/../../subworkflows/local/bam_variant_calling_somatic_all/../bam_variant_calling_freebayes/../../../modules/nf-core/gatk4/mergevcfs/main.nf
  Script_6e58dab2f6472f41: /Users/feargusogorman/.nextflow/assets/nf-core/sarek/./workflows/sarek/../../subworkflows/local/bam_applybqsr_spark/../../../modules/nf-core/gatk4spark/applybqsr/main.nf
  Script_8b560cf26a0f6f39: /Users/feargusogorman/.nextflow/assets/nf-core/sarek/./subworkflows/local/prepare_genome/../../../modules/nf-core/unzip/main.nf
Feb-18 08:49:36.268 [main] DEBUG nextflow.Session - Session aborted -- Cause: [0;31mThe following invalid input values have been detected:

* --input (samplesheet.csv): Validation of file failed:
	-> Entry 1: Error for field 'fastq_1' (data/combined.fq): "data/combined.fq" does not match regular expression [^\S+\.f(ast)?q\.gz$] (FastQ file for reads 1 cannot contain spaces and must have extension '.fq.gz' or '.fastq.gz')
	-> Entry 1: Missing required field(s): patient
[0m

Feb-18 08:49:36.271 [main] DEBUG nextflow.Session - 
Thread[#45,Thread-4,5,main]
  java.base@23.0.2/jdk.internal.misc.Unsafe.park(Native Method)
  java.base@23.0.2/java.util.concurrent.locks.LockSupport.parkNanos(LockSupport.java:269)
  java.base@23.0.2/java.util.concurrent.locks.AbstractQueuedSynchronizer$ConditionObject.awaitNanos(AbstractQueuedSynchronizer.java:1763)
  java.base@23.0.2/java.util.concurrent.LinkedBlockingDeque.pollFirst(LinkedBlockingDeque.java:516)
  java.base@23.0.2/java.util.concurrent.LinkedBlockingDeque.poll(LinkedBlockingDeque.java:684)
  app//nextflow.util.SimpleAgent.run(SimpleAgent.groovy:89)
  java.base@23.0.2/java.lang.invoke.LambdaForm$DMH/0x00003f80011a3400.invokeVirtual(LambdaForm$DMH)
  java.base@23.0.2/java.lang.invoke.LambdaForm$MH/0x00003f80015ebc00.invoke(LambdaForm$MH)
  java.base@23.0.2/java.lang.invoke.Invokers$Holder.invokeExact_MT(Invokers$Holder)
  java.base@23.0.2/jdk.internal.reflect.DirectMethodHandleAccessor.invokeImpl(DirectMethodHandleAccessor.java:153)
  java.base@23.0.2/jdk.internal.reflect.DirectMethodHandleAccessor.invoke(DirectMethodHandleAccessor.java:103)
  java.base@23.0.2/java.lang.reflect.Method.invoke(Method.java:580)
  app//org.codehaus.groovy.reflection.CachedMethod.invoke(CachedMethod.java:343)
  app//groovy.lang.MetaMethod.doMethodInvoke(MetaMethod.java:328)
  app//groovy.lang.MetaClassImpl.doInvokeMethod(MetaClassImpl.java:1333)
  app//groovy.lang.MetaClassImpl.invokeMethod(MetaClassImpl.java:1088)
  app//groovy.lang.MetaClassImpl.invokeMethodClosure(MetaClassImpl.java:1017)
  app//groovy.lang.MetaClassImpl.doInvokeMethod(MetaClassImpl.java:1207)
  app//groovy.lang.MetaClassImpl.invokeMethod(MetaClassImpl.java:1088)
  app//groovy.lang.MetaClassImpl.invokeMethod(MetaClassImpl.java:1007)
  app//groovy.lang.Closure.call(Closure.java:433)
  app//groovy.lang.Closure.call(Closure.java:412)
  app//groovy.lang.Closure.run(Closure.java:505)
  java.base@23.0.2/java.lang.Thread.runWith(Thread.java:1588)
  java.base@23.0.2/java.lang.Thread.run(Thread.java:1575)

Thread[#36,JGit-FileStoreAttributeReader-1,5,main]
  java.base@23.0.2/jdk.internal.misc.Unsafe.park(Native Method)
  java.base@23.0.2/java.util.concurrent.locks.LockSupport.park(LockSupport.java:371)
  java.base@23.0.2/java.util.concurrent.locks.AbstractQueuedSynchronizer$ConditionNode.block(AbstractQueuedSynchronizer.java:519)
  java.base@23.0.2/java.util.concurrent.ForkJoinPool.unmanagedBlock(ForkJoinPool.java:4023)
  java.base@23.0.2/java.util.concurrent.ForkJoinPool.managedBlock(ForkJoinPool.java:3969)
  java.base@23.0.2/java.util.concurrent.locks.AbstractQueuedSynchronizer$ConditionObject.await(AbstractQueuedSynchronizer.java:1712)
  java.base@23.0.2/java.util.concurrent.LinkedBlockingQueue.take(LinkedBlockingQueue.java:435)
  java.base@23.0.2/java.util.concurrent.ThreadPoolExecutor.getTask(ThreadPoolExecutor.java:1070)
  java.base@23.0.2/java.util.concurrent.ThreadPoolExecutor.runWorker(ThreadPoolExecutor.java:1130)
  java.base@23.0.2/java.util.concurrent.ThreadPoolExecutor$Worker.run(ThreadPoolExecutor.java:642)
  java.base@23.0.2/java.lang.Thread.runWith(Thread.java:1588)
  java.base@23.0.2/java.lang.Thread.run(Thread.java:1575)

Thread[#18,Common-Cleaner,8,InnocuousThreadGroup]
  java.base@23.0.2/jdk.internal.misc.Unsafe.park(Native Method)
  java.base@23.0.2/java.util.concurrent.locks.LockSupport.parkNanos(LockSupport.java:269)
  java.base@23.0.2/java.util.concurrent.locks.AbstractQueuedSynchronizer$ConditionObject.await(AbstractQueuedSynchronizer.java:1852)
  java.base@23.0.2/java.lang.ref.ReferenceQueue.await(ReferenceQueue.java:79)
  java.base@23.0.2/java.lang.ref.ReferenceQueue.remove0(ReferenceQueue.java:151)
  java.base@23.0.2/java.lang.ref.ReferenceQueue.remove(ReferenceQueue.java:229)
  java.base@23.0.2/jdk.internal.ref.CleanerImpl.run(CleanerImpl.java:140)
  java.base@23.0.2/java.lang.Thread.runWith(Thread.java:1588)
  java.base@23.0.2/java.lang.Thread.run(Thread.java:1575)
  java.base@23.0.2/jdk.internal.misc.InnocuousThread.run(InnocuousThread.java:186)

Thread[#40,Keep-Alive-Timer,8,InnocuousThreadGroup]
  java.base@23.0.2/java.lang.Thread.sleepNanos0(Native Method)
  java.base@23.0.2/java.lang.Thread.sleepNanos(Thread.java:496)
  java.base@23.0.2/java.lang.Thread.sleep(Thread.java:527)
  java.base@23.0.2/sun.net.www.http.KeepAliveCache.run(KeepAliveCache.java:238)
  java.base@23.0.2/java.lang.Thread.runWith(Thread.java:1588)
  java.base@23.0.2/java.lang.Thread.run(Thread.java:1575)
  java.base@23.0.2/jdk.internal.misc.InnocuousThread.run(InnocuousThread.java:186)

Thread[#46,Actor Thread 1,5,main]
  java.base@23.0.2/jdk.internal.misc.Unsafe.park(Native Method)
  java.base@23.0.2/java.util.concurrent.locks.LockSupport.park(LockSupport.java:371)
  java.base@23.0.2/java.util.concurrent.LinkedTransferQueue$DualNode.await(LinkedTransferQueue.java:458)
  java.base@23.0.2/java.util.concurrent.SynchronousQueue$Transferer.xferLifo(SynchronousQueue.java:194)
  java.base@23.0.2/java.util.concurrent.SynchronousQueue.xfer(SynchronousQueue.java:235)
  java.base@23.0.2/java.util.concurrent.SynchronousQueue.take(SynchronousQueue.java:318)
  java.base@23.0.2/java.util.concurrent.ThreadPoolExecutor.getTask(ThreadPoolExecutor.java:1070)
  java.base@23.0.2/java.util.concurrent.ThreadPoolExecutor.runWorker(ThreadPoolExecutor.java:1130)
  java.base@23.0.2/java.util.concurrent.ThreadPoolExecutor$Worker.run(ThreadPoolExecutor.java:642)
  java.base@23.0.2/java.lang.Thread.runWith(Thread.java:1588)
  java.base@23.0.2/java.lang.Thread.run(Thread.java:1575)

Thread[#1,main,5,main]
  java.base@23.0.2/java.lang.Thread.dumpThreads(Native Method)
  java.base@23.0.2/java.lang.Thread.getAllStackTraces(Thread.java:2460)
  app//nextflow.util.SysHelper.dumpThreads(SysHelper.groovy:188)
  app//nextflow.Session.abort(Session.groovy:800)
  app//nextflow.script.ScriptRunner.execute(ScriptRunner.groovy:149)
  app//nextflow.cli.CmdRun.run(CmdRun.groovy:376)
  app//nextflow.cli.Launcher.run(Launcher.groovy:503)
  app//nextflow.cli.Launcher.main(Launcher.groovy:658)

Thread[#10,Finalizer,8,system]
  java.base@23.0.2/java.lang.Object.wait0(Native Method)
  java.base@23.0.2/java.lang.Object.wait(Object.java:378)
  java.base@23.0.2/java.lang.Object.wait(Object.java:352)
  java.base@23.0.2/java.lang.ref.NativeReferenceQueue.await(NativeReferenceQueue.java:48)
  java.base@23.0.2/java.lang.ref.ReferenceQueue.remove0(ReferenceQueue.java:166)
  java.base@23.0.2/java.lang.ref.NativeReferenceQueue.remove(NativeReferenceQueue.java:89)
  java.base@23.0.2/java.lang.ref.Finalizer$FinalizerThread.run(Finalizer.java:173)

Thread[#11,Signal Dispatcher,9,system]

Thread[#9,Reference Handler,10,system]
  java.base@23.0.2/java.lang.ref.Reference.waitForReferencePendingList(Native Method)
  java.base@23.0.2/java.lang.ref.Reference.processPendingReferences(Reference.java:246)
  java.base@23.0.2/java.lang.ref.Reference$ReferenceHandler.run(Reference.java:208)

Thread[#41,JGit-WorkQueue,5,main]
  java.base@23.0.2/jdk.internal.misc.Unsafe.park(Native Method)
  java.base@23.0.2/java.util.concurrent.locks.LockSupport.park(LockSupport.java:371)
  java.base@23.0.2/java.util.concurrent.locks.AbstractQueuedSynchronizer$ConditionNode.block(AbstractQueuedSynchronizer.java:519)
  java.base@23.0.2/java.util.concurrent.ForkJoinPool.unmanagedBlock(ForkJoinPool.java:4023)
  java.base@23.0.2/java.util.concurrent.ForkJoinPool.managedBlock(ForkJoinPool.java:3969)
  java.base@23.0.2/java.util.concurrent.locks.AbstractQueuedSynchronizer$ConditionObject.await(AbstractQueuedSynchronizer.java:1712)
  java.base@23.0.2/java.util.concurrent.ScheduledThreadPoolExecutor$DelayedWorkQueue.take(ScheduledThreadPoolExecutor.java:1170)
  java.base@23.0.2/java.util.concurrent.ScheduledThreadPoolExecutor$DelayedWorkQueue.take(ScheduledThreadPoolExecutor.java:899)
  java.base@23.0.2/java.util.concurrent.ThreadPoolExecutor.getTask(ThreadPoolExecutor.java:1070)
  java.base@23.0.2/java.util.concurrent.ThreadPoolExecutor.runWorker(ThreadPoolExecutor.java:1130)
  java.base@23.0.2/java.util.concurrent.ThreadPoolExecutor$Worker.run(ThreadPoolExecutor.java:642)
  java.base@23.0.2/java.lang.Thread.runWith(Thread.java:1588)
  java.base@23.0.2/java.lang.Thread.run(Thread.java:1575)

Thread[#47,AnsiLogObserver,5,main]
  java.base@23.0.2/java.lang.Object.wait0(Native Method)
  java.base@23.0.2/java.lang.Object.wait(Object.java:378)
  app//nextflow.trace.AnsiLogObserver.render0(AnsiLogObserver.groovy:185)
  java.base@23.0.2/java.lang.invoke.DirectMethodHandle$Holder.invokeVirtual(DirectMethodHandle$Holder)
  java.base@23.0.2/java.lang.invoke.LambdaForm$MH/0x00003f80013b0000.invoke(LambdaForm$MH)
  java.base@23.0.2/java.lang.invoke.Invokers$Holder.invokeExact_MT(Invokers$Holder)
  java.base@23.0.2/jdk.internal.reflect.DirectMethodHandleAccessor.invokeImpl(DirectMethodHandleAccessor.java:154)
  java.base@23.0.2/jdk.internal.reflect.DirectMethodHandleAccessor.invoke(DirectMethodHandleAccessor.java:103)
  java.base@23.0.2/java.lang.reflect.Method.invoke(Method.java:580)
  app//org.codehaus.groovy.reflection.CachedMethod.invoke(CachedMethod.java:343)
  app//groovy.lang.MetaMethod.doMethodInvoke(MetaMethod.java:328)
  app//groovy.lang.MetaClassImpl.doInvokeMethod(MetaClassImpl.java:1333)
  app//groovy.lang.MetaClassImpl.invokeMethod(MetaClassImpl.java:1088)
  app//groovy.lang.MetaClassImpl.invokeMethodClosure(MetaClassImpl.java:1017)
  app//groovy.lang.MetaClassImpl.doInvokeMethod(MetaClassImpl.java:1207)
  app//groovy.lang.MetaClassImpl.invokeMethod(MetaClassImpl.java:1088)
  app//groovy.lang.MetaClassImpl.invokeMethod(MetaClassImpl.java:1007)
  app//groovy.lang.Closure.call(Closure.java:433)
  app//groovy.lang.Closure.call(Closure.java:412)
  app//groovy.lang.Closure.run(Closure.java:505)
  java.base@23.0.2/java.lang.Thread.runWith(Thread.java:1588)
  java.base@23.0.2/java.lang.Thread.run(Thread.java:1575)

Thread[#28,process reaper,10,InnocuousThreadGroup]
  java.base@23.0.2/jdk.internal.misc.Unsafe.park(Native Method)
  java.base@23.0.2/java.util.concurrent.locks.LockSupport.parkNanos(LockSupport.java:410)
  java.base@23.0.2/java.util.concurrent.LinkedTransferQueue$DualNode.await(LinkedTransferQueue.java:452)
  java.base@23.0.2/java.util.concurrent.SynchronousQueue$Transferer.xferLifo(SynchronousQueue.java:194)
  java.base@23.0.2/java.util.concurrent.SynchronousQueue.xfer(SynchronousQueue.java:235)
  java.base@23.0.2/java.util.concurrent.SynchronousQueue.poll(SynchronousQueue.java:338)
  java.base@23.0.2/java.util.concurrent.ThreadPoolExecutor.getTask(ThreadPoolExecutor.java:1069)
  java.base@23.0.2/java.util.concurrent.ThreadPoolExecutor.runWorker(ThreadPoolExecutor.java:1130)
  java.base@23.0.2/java.util.concurrent.ThreadPoolExecutor$Worker.run(ThreadPoolExecutor.java:642)
  java.base@23.0.2/java.lang.Thread.runWith(Thread.java:1588)
  java.base@23.0.2/java.lang.Thread.run(Thread.java:1575)
  java.base@23.0.2/jdk.internal.misc.InnocuousThread.run(InnocuousThread.java:186)

Thread[#19,Notification Thread,9,system]

Feb-18 08:49:36.277 [main] DEBUG nextflow.cli.Launcher - Operation aborted
nextflow.validation.SchemaValidationException: [0;31mThe following invalid input values have been detected:

* --input (samplesheet.csv): Validation of file failed:
	-> Entry 1: Error for field 'fastq_1' (data/combined.fq): "data/combined.fq" does not match regular expression [^\S+\.f(ast)?q\.gz$] (FastQ file for reads 1 cannot contain spaces and must have extension '.fq.gz' or '.fastq.gz')
	-> Entry 1: Missing required field(s): patient
[0m

	at nextflow.validation.SchemaValidator.validateParameters(SchemaValidator.groovy:340)
	at nextflow.validation.SchemaValidator.validateParameters(SchemaValidator.groovy)
	at java.base/jdk.internal.reflect.DirectMethodHandleAccessor.invoke(DirectMethodHandleAccessor.java:103)
	at java.base/java.lang.reflect.Method.invoke(Method.java:580)
	at nextflow.script.FunctionDef.invoke_a(FunctionDef.groovy:64)
	at nextflow.script.ComponentDef.invoke_o(ComponentDef.groovy:40)
	at nextflow.script.WorkflowBinding.invokeMethod(WorkflowBinding.groovy:103)
	at org.codehaus.groovy.runtime.InvokerHelper.invokePogoMethod(InvokerHelper.java:651)
	at org.codehaus.groovy.runtime.InvokerHelper.invokeMethod(InvokerHelper.java:628)
	at org.codehaus.groovy.runtime.metaclass.ClosureMetaClass.invokeOnDelegationObjects(ClosureMetaClass.java:391)
	at org.codehaus.groovy.runtime.metaclass.ClosureMetaClass.invokeMethod(ClosureMetaClass.java:330)
	at groovy.lang.MetaClassImpl.invokeMethod(MetaClassImpl.java:1007)
	at org.codehaus.groovy.vmplugin.v8.IndyInterface.fromCache(IndyInterface.java:321)
	at Script_215a636da7ab24a2$_runScript_closure1$_closure2.doCall(Script_215a636da7ab24a2:39)
	at java.base/jdk.internal.reflect.DirectMethodHandleAccessor.invoke(DirectMethodHandleAccessor.java:103)
	at java.base/java.lang.reflect.Method.invoke(Method.java:580)
	at org.codehaus.groovy.reflection.CachedMethod.invoke(CachedMethod.java:343)
	at groovy.lang.MetaMethod.doMethodInvoke(MetaMethod.java:328)
	at org.codehaus.groovy.runtime.metaclass.ClosureMetaClass.invokeMethod(ClosureMetaClass.java:279)
	at groovy.lang.MetaClassImpl.invokeMethod(MetaClassImpl.java:1007)
	at groovy.lang.Closure.call(Closure.java:433)
	at groovy.lang.Closure.call(Closure.java:412)
	at nextflow.script.WorkflowDef.run0(WorkflowDef.groovy:204)
	at nextflow.script.WorkflowDef.run(WorkflowDef.groovy:188)
	at nextflow.script.BindableDef.invoke_a(BindableDef.groovy:51)
	at nextflow.script.ComponentDef.invoke_o(ComponentDef.groovy:40)
	at nextflow.script.WorkflowBinding.invokeMethod(WorkflowBinding.groovy:103)
	at org.codehaus.groovy.runtime.InvokerHelper.invokePogoMethod(InvokerHelper.java:651)
	at org.codehaus.groovy.runtime.InvokerHelper.invokeMethod(InvokerHelper.java:628)
	at org.codehaus.groovy.runtime.metaclass.ClosureMetaClass.invokeOnDelegationObjects(ClosureMetaClass.java:391)
	at org.codehaus.groovy.runtime.metaclass.ClosureMetaClass.invokeMethod(ClosureMetaClass.java:330)
	at groovy.lang.MetaClassImpl.invokeMethod(MetaClassImpl.java:1007)
	at org.codehaus.groovy.vmplugin.v8.IndyInterface.fromCache(IndyInterface.java:321)
	at Script_af1e34c37a4660bf$_runScript_closure3$_closure5.doCall(Script_af1e34c37a4660bf:58)
	at java.base/jdk.internal.reflect.DirectMethodHandleAccessor.invoke(DirectMethodHandleAccessor.java:103)
	at java.base/java.lang.reflect.Method.invoke(Method.java:580)
	at org.codehaus.groovy.reflection.CachedMethod.invoke(CachedMethod.java:343)
	at groovy.lang.MetaMethod.doMethodInvoke(MetaMethod.java:328)
	at org.codehaus.groovy.runtime.metaclass.ClosureMetaClass.invokeMethod(ClosureMetaClass.java:279)
	at groovy.lang.MetaClassImpl.invokeMethod(MetaClassImpl.java:1007)
	at groovy.lang.Closure.call(Closure.java:433)
	at groovy.lang.Closure.call(Closure.java:412)
	at nextflow.script.WorkflowDef.run0(WorkflowDef.groovy:204)
	at nextflow.script.WorkflowDef.run(WorkflowDef.groovy:188)
	at nextflow.script.BindableDef.invoke_a(BindableDef.groovy:51)
	at nextflow.script.ComponentDef.invoke_o(ComponentDef.groovy:40)
	at nextflow.script.WorkflowBinding.invokeMethod(WorkflowBinding.groovy:103)
	at org.codehaus.groovy.runtime.InvokerHelper.invokePogoMethod(InvokerHelper.java:651)
	at org.codehaus.groovy.runtime.InvokerHelper.invokeMethod(InvokerHelper.java:628)
	at org.codehaus.groovy.runtime.metaclass.ClosureMetaClass.invokeOnDelegationObjects(ClosureMetaClass.java:391)
	at org.codehaus.groovy.runtime.metaclass.ClosureMetaClass.invokeMethod(ClosureMetaClass.java:330)
	at groovy.lang.MetaClassImpl.invokeMethod(MetaClassImpl.java:1007)
	at org.codehaus.groovy.vmplugin.v8.IndyInterface.fromCache(IndyInterface.java:321)
	at Script_f0dba0e4af952478$_runScript_closure3$_closure15.doCall(Script_f0dba0e4af952478:325)
	at java.base/jdk.internal.reflect.DirectMethodHandleAccessor.invoke(DirectMethodHandleAccessor.java:103)
	at java.base/java.lang.reflect.Method.invoke(Method.java:580)
	at org.codehaus.groovy.reflection.CachedMethod.invoke(CachedMethod.java:343)
	at groovy.lang.MetaMethod.doMethodInvoke(MetaMethod.java:328)
	at org.codehaus.groovy.runtime.metaclass.ClosureMetaClass.invokeMethod(ClosureMetaClass.java:279)
	at groovy.lang.MetaClassImpl.invokeMethod(MetaClassImpl.java:1007)
	at groovy.lang.Closure.call(Closure.java:433)
	at groovy.lang.Closure.call(Closure.java:412)
	at nextflow.script.WorkflowDef.run0(WorkflowDef.groovy:204)
	at nextflow.script.WorkflowDef.run(WorkflowDef.groovy:188)
	at nextflow.script.BindableDef.invoke_a(BindableDef.groovy:51)
	at org.codehaus.groovy.vmplugin.v8.IndyInterface.fromCache(IndyInterface.java:321)
	at nextflow.script.BaseScript.run0(BaseScript.groovy:198)
	at org.codehaus.groovy.vmplugin.v8.IndyInterface.fromCache(IndyInterface.java:321)
	at nextflow.script.BaseScript.run(BaseScript.groovy:209)
	at nextflow.script.ScriptParser.runScript(ScriptParser.groovy:236)
	at nextflow.script.ScriptRunner.run(ScriptRunner.groovy:243)
	at nextflow.script.ScriptRunner.execute(ScriptRunner.groovy:138)
	at nextflow.cli.CmdRun.run(CmdRun.groovy:376)
	at nextflow.cli.Launcher.run(Launcher.groovy:503)
	at nextflow.cli.Launcher.main(Launcher.groovy:658)
